[{"line":2,"elements":[{"start_timestamp":"2022-12-23T12:58:41.412Z","line":5,"name":"SwagLabs Application","description":"","id":"test-execution-for-swag;swaglabs-application","type":"scenario","keyword":"Scenario","steps":[{"result":{"duration":5055338300,"status":"passed"},"line":6,"name":"user should open url","match":{"location":"Stepdef.MyStepdefs.userShouldOpenUrl()"},"keyword":"Given "}],"tags":[{"name":"@SI-24"},{"name":"@TEST_SI-15"},{"name":"@TESTSET_SI-22"}]},{"start_timestamp":"2022-12-23T12:58:46.692Z","line":8,"name":"User Login","description":"","id":"test-execution-for-swag;user-login","type":"scenario","keyword":"Scenario","steps":[{"result":{"duration":349423000,"status":"passed"},"line":9,"name":"user able to login","match":{"location":"Stepdef.MyStepdefs.userAbleToLogin()"},"keyword":"When "}],"tags":[{"name":"@SI-24"},{"name":"@TEST_SI-16"},{"name":"@TESTSET_SI-22"}]},{"start_timestamp":"2022-12-23T12:58:47.055Z","line":11,"name":"User Buy Product","description":"","id":"test-execution-for-swag;user-buy-product","type":"scenario","keyword":"Scenario","steps":[{"result":{"duration":170083900,"status":"passed"},"line":12,"name":"user choose a product","match":{"location":"Stepdef.MyStepdefs.userChooseAProduct()"},"keyword":"Given "},{"result":{"duration":369475600,"status":"passed"},"line":13,"name":"user give the details","match":{"location":"Stepdef.MyStepdefs.userGiveTheDetails()"},"keyword":"When "},{"result":{"error_message":"org.openqa.selenium.NoSuchElementException: no such element: Unable to locate element: {\"method\":\"css selector\",\"selector\":\"#finis\"}\n  (Session info: chrome=108.0.5359.125)\nFor documentation on this error, please visit: https://selenium.dev/exceptions/#no_such_element\nBuild info: version: '4.6.0', revision: '79f1c02ae20'\nSystem info: os.name: 'Windows 10', os.arch: 'amd64', os.version: '10.0', java.version: '11.0.12'\nDriver info: org.openqa.selenium.chrome.ChromeDriver\nCommand: [591f1a5ecdc6be6030f40da91bcf4210, findElement {using=id, value=finis}]\nCapabilities {acceptInsecureCerts: false, browserName: chrome, browserVersion: 108.0.5359.125, chrome: {chromedriverVersion: 108.0.5359.71 (1e0e3868ee06..., userDataDir: C:\\Users\\SJUPUDI\\AppData\\Lo...}, goog:chromeOptions: {debuggerAddress: localhost:63256}, networkConnectionEnabled: false, pageLoadStrategy: normal, platformName: WINDOWS, proxy: Proxy(), se:cdp: ws://localhost:63256/devtoo..., se:cdpVersion: 108.0.5359.125, setWindowRect: true, strictFileInteractability: false, timeouts: {implicit: 0, pageLoad: 300000, script: 30000}, unhandledPromptBehavior: dismiss and notify, webauthn:extension:credBlob: true, webauthn:extension:largeBlob: true, webauthn:virtualAuthenticators: true}\nSession ID: 591f1a5ecdc6be6030f40da91bcf4210\r\n\tat java.base/jdk.internal.reflect.NativeConstructorAccessorImpl.newInstance0(Native Method)\r\n\tat java.base/jdk.internal.reflect.NativeConstructorAccessorImpl.newInstance(NativeConstructorAccessorImpl.java:62)\r\n\tat java.base/jdk.internal.reflect.DelegatingConstructorAccessorImpl.newInstance(DelegatingConstructorAccessorImpl.java:45)\r\n\tat java.base/java.lang.reflect.Constructor.newInstance(Constructor.java:490)\r\n\tat org.openqa.selenium.remote.codec.w3c.W3CHttpResponseCodec.createException(W3CHttpResponseCodec.java:200)\r\n\tat org.openqa.selenium.remote.codec.w3c.W3CHttpResponseCodec.decode(W3CHttpResponseCodec.java:133)\r\n\tat org.openqa.selenium.remote.codec.w3c.W3CHttpResponseCodec.decode(W3CHttpResponseCodec.java:53)\r\n\tat org.openqa.selenium.remote.HttpCommandExecutor.execute(HttpCommandExecutor.java:184)\r\n\tat org.openqa.selenium.remote.service.DriverCommandExecutor.invokeExecute(DriverCommandExecutor.java:167)\r\n\tat org.openqa.selenium.remote.service.DriverCommandExecutor.execute(DriverCommandExecutor.java:142)\r\n\tat org.openqa.selenium.remote.RemoteWebDriver.execute(RemoteWebDriver.java:541)\r\n\tat org.openqa.selenium.remote.ElementLocation$ElementFinder$2.findElement(ElementLocation.java:162)\r\n\tat org.openqa.selenium.remote.ElementLocation.findElement(ElementLocation.java:60)\r\n\tat org.openqa.selenium.remote.RemoteWebDriver.findElement(RemoteWebDriver.java:365)\r\n\tat org.openqa.selenium.remote.RemoteWebDriver.findElement(RemoteWebDriver.java:357)\r\n\tat SauceDemo.SwaglabsDemo.Overview(SwaglabsDemo.java:46)\r\n\tat Stepdef.MyStepdefs.userShouldOverviewOrder(MyStepdefs.java:38)\r\n\tat ✽.User should overview order(file:///C:/Users/SJUPUDI/IdeaProjects/Swag_TestDemo/src/main/java/SauceDemo/Swag.feature:14)\r\n","duration":25969800,"status":"failed"},"line":14,"name":"User should overview order","match":{"location":"Stepdef.MyStepdefs.userShouldOverviewOrder()"},"keyword":"Then "}],"tags":[{"name":"@SI-24"},{"name":"@TEST_SI-17"},{"name":"@TESTSET_SI-22"}]},{"start_timestamp":"2022-12-23T12:58:47.663Z","line":16,"name":"User Logout","description":"","id":"test-execution-for-swag;user-logout","type":"scenario","keyword":"Scenario","steps":[{"result":{"error_message":"org.openqa.selenium.NoSuchElementException: no such element: Unable to locate element: {\"method\":\"css selector\",\"selector\":\"#back\\-to\\-products\"}\n  (Session info: chrome=108.0.5359.125)\nFor documentation on this error, please visit: https://selenium.dev/exceptions/#no_such_element\nBuild info: version: '4.6.0', revision: '79f1c02ae20'\nSystem info: os.name: 'Windows 10', os.arch: 'amd64', os.version: '10.0', java.version: '11.0.12'\nDriver info: org.openqa.selenium.chrome.ChromeDriver\nCommand: [591f1a5ecdc6be6030f40da91bcf4210, findElement {using=id, value=back-to-products}]\nCapabilities {acceptInsecureCerts: false, browserName: chrome, browserVersion: 108.0.5359.125, chrome: {chromedriverVersion: 108.0.5359.71 (1e0e3868ee06..., userDataDir: C:\\Users\\SJUPUDI\\AppData\\Lo...}, goog:chromeOptions: {debuggerAddress: localhost:63256}, networkConnectionEnabled: false, pageLoadStrategy: normal, platformName: WINDOWS, proxy: Proxy(), se:cdp: ws://localhost:63256/devtoo..., se:cdpVersion: 108.0.5359.125, setWindowRect: true, strictFileInteractability: false, timeouts: {implicit: 0, pageLoad: 300000, script: 30000}, unhandledPromptBehavior: dismiss and notify, webauthn:extension:credBlob: true, webauthn:extension:largeBlob: true, webauthn:virtualAuthenticators: true}\nSession ID: 591f1a5ecdc6be6030f40da91bcf4210\r\n\tat java.base/jdk.internal.reflect.NativeConstructorAccessorImpl.newInstance0(Native Method)\r\n\tat java.base/jdk.internal.reflect.NativeConstructorAccessorImpl.newInstance(NativeConstructorAccessorImpl.java:62)\r\n\tat java.base/jdk.internal.reflect.DelegatingConstructorAccessorImpl.newInstance(DelegatingConstructorAccessorImpl.java:45)\r\n\tat java.base/java.lang.reflect.Constructor.newInstance(Constructor.java:490)\r\n\tat org.openqa.selenium.remote.codec.w3c.W3CHttpResponseCodec.createException(W3CHttpResponseCodec.java:200)\r\n\tat org.openqa.selenium.remote.codec.w3c.W3CHttpResponseCodec.decode(W3CHttpResponseCodec.java:133)\r\n\tat org.openqa.selenium.remote.codec.w3c.W3CHttpResponseCodec.decode(W3CHttpResponseCodec.java:53)\r\n\tat org.openqa.selenium.remote.HttpCommandExecutor.execute(HttpCommandExecutor.java:184)\r\n\tat org.openqa.selenium.remote.service.DriverCommandExecutor.invokeExecute(DriverCommandExecutor.java:167)\r\n\tat org.openqa.selenium.remote.service.DriverCommandExecutor.execute(DriverCommandExecutor.java:142)\r\n\tat org.openqa.selenium.remote.RemoteWebDriver.execute(RemoteWebDriver.java:541)\r\n\tat org.openqa.selenium.remote.ElementLocation$ElementFinder$2.findElement(ElementLocation.java:162)\r\n\tat org.openqa.selenium.remote.ElementLocation.findElement(ElementLocation.java:60)\r\n\tat org.openqa.selenium.remote.RemoteWebDriver.findElement(RemoteWebDriver.java:365)\r\n\tat org.openqa.selenium.remote.RemoteWebDriver.findElement(RemoteWebDriver.java:357)\r\n\tat SauceDemo.SwaglabsDemo.BackToHome(SwaglabsDemo.java:50)\r\n\tat Stepdef.MyStepdefs.userBackToHomepage(MyStepdefs.java:43)\r\n\tat ✽.User back to homepage(file:///C:/Users/SJUPUDI/IdeaProjects/Swag_TestDemo/src/main/java/SauceDemo/Swag.feature:17)\r\n","duration":14258800,"status":"failed"},"line":17,"name":"User back to homepage","match":{"location":"Stepdef.MyStepdefs.userBackToHomepage()"},"keyword":"When "},{"result":{"status":"skipped"},"line":18,"name":"User can logout","match":{"location":"Stepdef.MyStepdefs.userCanLogout()"},"keyword":"Then "}],"tags":[{"name":"@SI-24"},{"name":"@TEST_SI-18"},{"name":"@TESTSET_SI-22"}]},{"start_timestamp":"2022-12-23T12:58:47.694Z","line":20,"name":"Close Browser","description":"","id":"test-execution-for-swag;close-browser","type":"scenario","keyword":"Scenario","steps":[{"result":{"duration":788505200,"status":"passed"},"line":21,"name":"User able to close the browser","match":{"location":"Stepdef.MyStepdefs.userAbleToCloseTheBrowser()"},"keyword":"Given "}],"tags":[{"name":"@SI-24"},{"name":"@TEST_SI-19"},{"name":"@TESTSET_SI-22"}]}],"name":"Test Execution for swag","description":"","id":"test-execution-for-swag","keyword":"Feature","uri":"file:src/main/java/SauceDemo/Swag.feature","tags":[{"name":"@SI-24","type":"Tag","location":{"line":1,"column":1}}]}]